  [1m[35m (664.6ms)[0m  [1m[35mCREATE DATABASE "our_favorites_development" ENCODING = 'unicode'[0m
  [1m[35m (235.5ms)[0m  [1m[35mCREATE DATABASE "our_favorites_test" ENCODING = 'unicode'[0m
Started GET "/" for ::1 at 2021-08-09 14:42:12 -0700
Processing by Rails::WelcomeController#index as HTML
  Rendering /Users/learnacademy/.rvm/gems/ruby-3.0.0/gems/railties-6.1.4/lib/rails/templates/rails/welcome/index.html.erb
  Rendered /Users/learnacademy/.rvm/gems/ruby-3.0.0/gems/railties-6.1.4/lib/rails/templates/rails/welcome/index.html.erb (Duration: 35.1ms | Allocations: 521)
Completed 200 OK in 180ms (Views: 59.2ms | ActiveRecord: 0.0ms | Allocations: 4255)


Started GET "/" for ::1 at 2021-08-09 14:51:22 -0700
Processing by MainController#main as HTML
  Rendering html template
  Rendered html template (Duration: 0.1ms | Allocations: 33)
Completed 200 OK in 6ms (Views: 4.1ms | Allocations: 730)


Started GET "/" for ::1 at 2021-08-09 14:59:49 -0700
Processing by MainController#main as HTML
DEPRECATION WARNING: Rendering actions with '.' in the name is deprecated: main/main.html.erb (called from main at /Users/learnacademy/Desktop/database-challenges/our_favorites/app/controllers/main_controller.rb:4)
  Rendering layout layouts/application.html.erb
  Rendering main/main.html.erb within layouts/application
  Rendered main/main.html.erb within layouts/application (Duration: 0.6ms | Allocations: 159)
[Webpacker] Compiling...
[Webpacker] Compiled all packs in /Users/learnacademy/Desktop/database-challenges/our_favorites/public/packs
[Webpacker] Though the "loose" option was set to "false" in your @babel/preset-env config, it will not be used for @babel/plugin-proposal-private-property-in-object since the "loose" mode option was set to "true" for @babel/plugin-proposal-class-properties.
The "loose" option must be the same for @babel/plugin-proposal-class-properties, @babel/plugin-proposal-private-methods and @babel/plugin-proposal-private-property-in-object (when they are enabled): you can silence this warning by explicitly adding
	["@babel/plugin-proposal-private-property-in-object", { "loose": true }]
to the "plugins" section of your Babel config.
Though the "loose" option was set to "false" in your @babel/preset-env config, it will not be used for @babel/plugin-proposal-private-methods since the "loose" mode option was set to "true" for @babel/plugin-proposal-private-property-in-object.
The "loose" option must be the same for @babel/plugin-proposal-class-properties, @babel/plugin-proposal-private-methods and @babel/plugin-proposal-private-property-in-object (when they are enabled): you can silence this warning by explicitly adding
	["@babel/plugin-proposal-private-methods", { "loose": true }]
to the "plugins" section of your Babel config.
Though the "loose" option was set to "false" in your @babel/preset-env config, it will not be used for @babel/plugin-proposal-private-property-in-object since the "loose" mode option was set to "true" for @babel/plugin-proposal-class-properties.
The "loose" option must be the same for @babel/plugin-proposal-class-properties, @babel/plugin-proposal-private-methods and @babel/plugin-proposal-private-property-in-object (when they are enabled): you can silence this warning by explicitly adding
	["@babel/plugin-proposal-private-property-in-object", { "loose": true }]
to the "plugins" section of your Babel config.
Though the "loose" option was set to "false" in your @babel/preset-env config, it will not be used for @babel/plugin-proposal-private-methods since the "loose" mode option was set to "true" for @babel/plugin-proposal-private-property-in-object.
The "loose" option must be the same for @babel/plugin-proposal-class-properties, @babel/plugin-proposal-private-methods and @babel/plugin-proposal-private-property-in-object (when they are enabled): you can silence this warning by explicitly adding
	["@babel/plugin-proposal-private-methods", { "loose": true }]
to the "plugins" section of your Babel config.
Though the "loose" option was set to "false" in your @babel/preset-env config, it will not be used for @babel/plugin-proposal-private-property-in-object since the "loose" mode option was set to "true" for @babel/plugin-proposal-class-properties.
The "loose" option must be the same for @babel/plugin-proposal-class-properties, @babel/plugin-proposal-private-methods and @babel/plugin-proposal-private-property-in-object (when they are enabled): you can silence this warning by explicitly adding
	["@babel/plugin-proposal-private-property-in-object", { "loose": true }]
to the "plugins" section of your Babel config.
Though the "loose" option was set to "false" in your @babel/preset-env config, it will not be used for @babel/plugin-proposal-private-methods since the "loose" mode option was set to "true" for @babel/plugin-proposal-private-property-in-object.
The "loose" option must be the same for @babel/plugin-proposal-class-properties, @babel/plugin-proposal-private-methods and @babel/plugin-proposal-private-property-in-object (when they are enabled): you can silence this warning by explicitly adding
	["@babel/plugin-proposal-private-methods", { "loose": true }]
to the "plugins" section of your Babel config.
Though the "loose" option was set to "false" in your @babel/preset-env config, it will not be used for @babel/plugin-proposal-private-property-in-object since the "loose" mode option was set to "true" for @babel/plugin-proposal-class-properties.
The "loose" option must be the same for @babel/plugin-proposal-class-properties, @babel/plugin-proposal-private-methods and @babel/plugin-proposal-private-property-in-object (when they are enabled): you can silence this warning by explicitly adding
	["@babel/plugin-proposal-private-property-in-object", { "loose": true }]
to the "plugins" section of your Babel config.
Though the "loose" option was set to "false" in your @babel/preset-env config, it will not be used for @babel/plugin-proposal-private-methods since the "loose" mode option was set to "true" for @babel/plugin-proposal-private-property-in-object.
The "loose" option must be the same for @babel/plugin-proposal-class-properties, @babel/plugin-proposal-private-methods and @babel/plugin-proposal-private-property-in-object (when they are enabled): you can silence this warning by explicitly adding
	["@babel/plugin-proposal-private-methods", { "loose": true }]
to the "plugins" section of your Babel config.
Though the "loose" option was set to "false" in your @babel/preset-env config, it will not be used for @babel/plugin-proposal-private-property-in-object since the "loose" mode option was set to "true" for @babel/plugin-proposal-class-properties.
The "loose" option must be the same for @babel/plugin-proposal-class-properties, @babel/plugin-proposal-private-methods and @babel/plugin-proposal-private-property-in-object (when they are enabled): you can silence this warning by explicitly adding
	["@babel/plugin-proposal-private-property-in-object", { "loose": true }]
to the "plugins" section of your Babel config.
Though the "loose" option was set to "false" in your @babel/preset-env config, it will not be used for @babel/plugin-proposal-private-methods since the "loose" mode option was set to "true" for @babel/plugin-proposal-private-property-in-object.
The "loose" option must be the same for @babel/plugin-proposal-class-properties, @babel/plugin-proposal-private-methods and @babel/plugin-proposal-private-property-in-object (when they are enabled): you can silence this warning by explicitly adding
	["@babel/plugin-proposal-private-methods", { "loose": true }]
to the "plugins" section of your Babel config.
Though the "loose" option was set to "false" in your @babel/preset-env config, it will not be used for @babel/plugin-proposal-private-property-in-object since the "loose" mode option was set to "true" for @babel/plugin-proposal-class-properties.
The "loose" option must be the same for @babel/plugin-proposal-class-properties, @babel/plugin-proposal-private-methods and @babel/plugin-proposal-private-property-in-object (when they are enabled): you can silence this warning by explicitly adding
	["@babel/plugin-proposal-private-property-in-object", { "loose": true }]
to the "plugins" section of your Babel config.
Though the "loose" option was set to "false" in your @babel/preset-env config, it will not be used for @babel/plugin-proposal-private-methods since the "loose" mode option was set to "true" for @babel/plugin-proposal-private-property-in-object.
The "loose" option must be the same for @babel/plugin-proposal-class-properties, @babel/plugin-proposal-private-methods and @babel/plugin-proposal-private-property-in-object (when they are enabled): you can silence this warning by explicitly adding
	["@babel/plugin-proposal-private-methods", { "loose": true }]
to the "plugins" section of your Babel config.

[Webpacker] Hash: e2a8a876c5815bee1e21
Version: webpack 4.46.0
Time: 3872ms
Built at: 08/09/2021 2:59:58 PM
                                     Asset       Size       Chunks                         Chunk Names
    js/application-e421b4aa3f716bebdab1.js    125 KiB  application  [emitted] [immutable]  application
js/application-e421b4aa3f716bebdab1.js.map    139 KiB  application  [emitted] [dev]        application
                             manifest.json  364 bytes               [emitted]              
Entrypoint application = js/application-e421b4aa3f716bebdab1.js js/application-e421b4aa3f716bebdab1.js.map
[./app/javascript/channels sync recursive _channel\.js$] ./app/javascript/channels sync _channel\.js$ 160 bytes {application} [built]
[./app/javascript/channels/index.js] 211 bytes {application} [built]
[./app/javascript/packs/application.js] 492 bytes {application} [built]
[./node_modules/webpack/buildin/module.js] (webpack)/buildin/module.js 552 bytes {application} [built]
    + 3 hidden modules

  Rendered layout layouts/application.html.erb (Duration: 8644.9ms | Allocations: 21406)
Completed 200 OK in 8654ms (Views: 8653.3ms | Allocations: 22787)


Started GET "/" for ::1 at 2021-08-09 15:10:48 -0700
Processing by MainController#main as HTML
DEPRECATION WARNING: Rendering actions with '.' in the name is deprecated: main/main.html.erb (called from main at /Users/learnacademy/Desktop/database-challenges/our_favorites/app/controllers/main_controller.rb:6)
  Rendering layout layouts/application.html.erb
  Rendering main/main.html.erb within layouts/application
  Rendered main/main.html.erb within layouts/application (Duration: 0.8ms | Allocations: 149)
[Webpacker] Everything's up-to-date. Nothing to do
  Rendered layout layouts/application.html.erb (Duration: 8.8ms | Allocations: 3862)
Completed 200 OK in 14ms (Views: 13.1ms | Allocations: 5277)


Started GET "/" for ::1 at 2021-08-09 15:19:32 -0700
Processing by MainController#main as HTML
DEPRECATION WARNING: Rendering actions with '.' in the name is deprecated: main/main.html.erb (called from main at /Users/learnacademy/Desktop/database-challenges/our_favorites/app/controllers/main_controller.rb:5)
  Rendering layout layouts/application.html.erb
  Rendering main/main.html.erb within layouts/application
  Rendered main/main.html.erb within layouts/application (Duration: 5.3ms | Allocations: 2291)
  Rendered layout layouts/application.html.erb (Duration: 5.5ms | Allocations: 2360)
Completed 500 Internal Server Error in 11ms (Allocations: 3715)


  
ActionView::Template::Error (undefined method `each' for :Brian:Symbol):
    2: <%@names.each do |value,key|%>
    3: <%=key%>
    4: <ul>
    5: <%value.each do |anime|%>
    6: <%=anime%>
    7: <%end%>
    8: </ul>
  
app/views/main/main.html.erb:5
app/views/main/main.html.erb:2:in `each'
app/views/main/main.html.erb:2
app/controllers/main_controller.rb:5:in `main'
Started GET "/" for ::1 at 2021-08-09 15:20:08 -0700
Processing by MainController#main as HTML
DEPRECATION WARNING: Rendering actions with '.' in the name is deprecated: main/main.html.erb (called from main at /Users/learnacademy/Desktop/database-challenges/our_favorites/app/controllers/main_controller.rb:5)
  Rendering layout layouts/application.html.erb
  Rendering main/main.html.erb within layouts/application
  Rendered main/main.html.erb within layouts/application (Duration: 0.6ms | Allocations: 205)
[Webpacker] Everything's up-to-date. Nothing to do
  Rendered layout layouts/application.html.erb (Duration: 19.4ms | Allocations: 3949)
Completed 200 OK in 26ms (Views: 25.4ms | Allocations: 5308)


Started GET "/" for ::1 at 2021-08-09 15:24:46 -0700
Processing by MainController#main as HTML
DEPRECATION WARNING: Rendering actions with '.' in the name is deprecated: main/main.html.erb (called from main at /Users/learnacademy/Desktop/database-challenges/our_favorites/app/controllers/main_controller.rb:5)
  Rendering layout layouts/application.html.erb
  Rendering main/main.html.erb within layouts/application
  Rendered main/main.html.erb within layouts/application (Duration: 0.6ms | Allocations: 214)
[Webpacker] Everything's up-to-date. Nothing to do
  Rendered layout layouts/application.html.erb (Duration: 18.4ms | Allocations: 3946)
Completed 200 OK in 23ms (Views: 22.1ms | Allocations: 5289)


Started GET "/" for ::1 at 2021-08-09 15:24:54 -0700
Processing by MainController#main as HTML
  Rendering layout layouts/application.html.erb
  Rendering main/main.html.erb within layouts/application
  Rendered main/main.html.erb within layouts/application (Duration: 0.1ms | Allocations: 48)
[Webpacker] Everything's up-to-date. Nothing to do
  Rendered layout layouts/application.html.erb (Duration: 9.1ms | Allocations: 3544)
Completed 200 OK in 10ms (Views: 9.6ms | Allocations: 3971)


Started GET "/" for ::1 at 2021-08-09 15:25:00 -0700
Processing by MainController#main as HTML
  Rendering layout layouts/application.html.erb
  Rendering main/main.html.erb within layouts/application
  Rendered main/main.html.erb within layouts/application (Duration: 0.2ms | Allocations: 48)
[Webpacker] Everything's up-to-date. Nothing to do
  Rendered layout layouts/application.html.erb (Duration: 8.5ms | Allocations: 3543)
Completed 200 OK in 12ms (Views: 10.4ms | Allocations: 3969)


Started GET "/" for ::1 at 2021-08-09 15:25:05 -0700
Processing by MainController#main as HTML
  Rendering layout layouts/application.html.erb
  Rendering main/main.html.erb within layouts/application
  Rendered main/main.html.erb within layouts/application (Duration: 0.1ms | Allocations: 48)
[Webpacker] Everything's up-to-date. Nothing to do
  Rendered layout layouts/application.html.erb (Duration: 8.6ms | Allocations: 3544)
Completed 200 OK in 10ms (Views: 9.3ms | Allocations: 3970)


Started GET "/" for ::1 at 2021-08-09 15:25:14 -0700
Processing by MainController#main as HTML
  Rendering layout layouts/application.html.erb
  Rendering main/main.html.erb within layouts/application
  Rendered main/main.html.erb within layouts/application (Duration: 0.2ms | Allocations: 48)
[Webpacker] Everything's up-to-date. Nothing to do
  Rendered layout layouts/application.html.erb (Duration: 14.9ms | Allocations: 3543)
Completed 200 OK in 19ms (Views: 16.4ms | Allocations: 3969)


Started GET "/" for ::1 at 2021-08-09 15:25:34 -0700
Processing by MainController#main as HTML
  Rendering layout layouts/application.html.erb
  Rendering main/main.html.erb within layouts/application
  Rendered main/main.html.erb within layouts/application (Duration: 0.1ms | Allocations: 48)
[Webpacker] Everything's up-to-date. Nothing to do
  Rendered layout layouts/application.html.erb (Duration: 10.0ms | Allocations: 3543)
Completed 200 OK in 11ms (Views: 10.6ms | Allocations: 3969)


Started GET "/" for ::1 at 2021-08-09 15:25:37 -0700
Processing by MainController#main as HTML
  Rendering layout layouts/application.html.erb
  Rendering main/main.html.erb within layouts/application
  Rendered main/main.html.erb within layouts/application (Duration: 0.1ms | Allocations: 48)
[Webpacker] Everything's up-to-date. Nothing to do
  Rendered layout layouts/application.html.erb (Duration: 7.3ms | Allocations: 3544)
Completed 200 OK in 9ms (Views: 8.2ms | Allocations: 3970)


  [1m[35m (626.9ms)[0m  [1m[35mCREATE DATABASE "our_favorites_development" ENCODING = 'unicode'[0m
  [1m[35m (225.8ms)[0m  [1m[35mCREATE DATABASE "our_favorites_test" ENCODING = 'unicode'[0m
Started GET "/" for ::1 at 2021-08-09 15:30:59 -0700
Processing by MainController#main as HTML
DEPRECATION WARNING: Rendering actions with '.' in the name is deprecated: main/main.html.erb (called from main at /Users/learnacademy/workspace/database-challenges/our_favorites/app/controllers/main_controller.rb:5)
  Rendering layout layouts/application.html.erb
  Rendering main/main.html.erb within layouts/application
  Rendered main/main.html.erb within layouts/application (Duration: 2.9ms | Allocations: 519)
[Webpacker] Everything's up-to-date. Nothing to do
  Rendered layout layouts/application.html.erb (Duration: 39.1ms | Allocations: 7663)
Completed 200 OK in 72ms (Views: 60.2ms | ActiveRecord: 0.0ms | Allocations: 11970)


Started GET "/" for ::1 at 2021-08-09 15:33:32 -0700
Processing by MainController#main as HTML
  Rendering layout layouts/application.html.erb
  Rendering main/main.html.erb within layouts/application
  Rendered main/main.html.erb within layouts/application (Duration: 0.3ms | Allocations: 48)
[Webpacker] Everything's up-to-date. Nothing to do
  Rendered layout layouts/application.html.erb (Duration: 22.2ms | Allocations: 3559)
Completed 200 OK in 24ms (Views: 23.3ms | ActiveRecord: 0.0ms | Allocations: 4027)


Started GET "/" for ::1 at 2021-08-09 15:34:54 -0700
Processing by MainController#main as HTML
DEPRECATION WARNING: Rendering actions with '.' in the name is deprecated: main/main.html.erb (called from main at /Users/learnacademy/workspace/database-challenges/our_favorites/app/controllers/main_controller.rb:5)
  Rendering layout layouts/application.html.erb
  Rendering main/main.html.erb within layouts/application
  Rendered main/main.html.erb within layouts/application (Duration: 0.7ms | Allocations: 299)
[Webpacker] Everything's up-to-date. Nothing to do
  Rendered layout layouts/application.html.erb (Duration: 9.0ms | Allocations: 4030)
Completed 200 OK in 17ms (Views: 16.8ms | ActiveRecord: 0.0ms | Allocations: 5392)


Started GET "/" for ::1 at 2021-08-09 15:38:37 -0700
Processing by MainController#main as HTML
  Rendering layout layouts/application.html.erb
  Rendering main/main.html.erb within layouts/application
  Rendered main/main.html.erb within layouts/application (Duration: 0.2ms | Allocations: 107)
[Webpacker] Everything's up-to-date. Nothing to do
  Rendered layout layouts/application.html.erb (Duration: 9.8ms | Allocations: 3644)
Completed 200 OK in 11ms (Views: 10.8ms | Allocations: 4257)


Started GET "/" for ::1 at 2021-08-09 15:40:29 -0700
Processing by MainController#main as HTML
  Rendering layout layouts/application.html.erb
  Rendering main/main.html.erb within layouts/application
  Rendered main/main.html.erb within layouts/application (Duration: 0.3ms | Allocations: 107)
[Webpacker] Everything's up-to-date. Nothing to do
  Rendered layout layouts/application.html.erb (Duration: 7.2ms | Allocations: 3658)
Completed 200 OK in 9ms (Views: 8.3ms | Allocations: 4273)


Started GET "/sword_art_online" for ::1 at 2021-08-09 15:40:30 -0700
  
ActionController::RoutingError (uninitialized constant BrianControllerController):
  
Started GET "/" for ::1 at 2021-08-09 15:40:37 -0700
Processing by MainController#main as HTML
  Rendering layout layouts/application.html.erb
  Rendering main/main.html.erb within layouts/application
  Rendered main/main.html.erb within layouts/application (Duration: 0.5ms | Allocations: 97)
[Webpacker] Everything's up-to-date. Nothing to do
  Rendered layout layouts/application.html.erb (Duration: 18.0ms | Allocations: 3703)
Completed 200 OK in 23ms (Views: 19.9ms | Allocations: 4179)


Started GET "/" for ::1 at 2021-08-09 15:45:26 -0700
Processing by MainController#main as HTML
DEPRECATION WARNING: Rendering actions with '.' in the name is deprecated: main/main.html.erb (called from main at /Users/learnacademy/workspace/database-challenges/our_favorites/app/controllers/main_controller.rb:5)
  Rendering layout layouts/application.html.erb
  Rendering main/main.html.erb within layouts/application
  Rendered main/main.html.erb within layouts/application (Duration: 2.4ms | Allocations: 289)
[Webpacker] Everything's up-to-date. Nothing to do
  Rendered layout layouts/application.html.erb (Duration: 22.5ms | Allocations: 4011)
Completed 200 OK in 29ms (Views: 27.4ms | Allocations: 5392)


Started GET "/naruto" for ::1 at 2021-08-09 15:45:29 -0700
  
ActionController::RoutingError (uninitialized constant BrianControllerController):
  
Started GET "/" for ::1 at 2021-08-09 15:46:05 -0700
Processing by MainController#main as HTML
  Rendering layout layouts/application.html.erb
  Rendering main/main.html.erb within layouts/application
  Rendered main/main.html.erb within layouts/application (Duration: 0.4ms | Allocations: 107)
[Webpacker] Everything's up-to-date. Nothing to do
  Rendered layout layouts/application.html.erb (Duration: 15.1ms | Allocations: 3658)
Completed 200 OK in 18ms (Views: 16.9ms | Allocations: 4272)


Started GET "/" for ::1 at 2021-08-09 15:46:06 -0700
Processing by MainController#main as HTML
  Rendering layout layouts/application.html.erb
  Rendering main/main.html.erb within layouts/application
  Rendered main/main.html.erb within layouts/application (Duration: 0.3ms | Allocations: 97)
[Webpacker] Everything's up-to-date. Nothing to do
  Rendered layout layouts/application.html.erb (Duration: 13.7ms | Allocations: 3592)
Completed 200 OK in 16ms (Views: 14.8ms | Allocations: 4020)


Started GET "/naruto" for ::1 at 2021-08-09 15:46:08 -0700
Processing by BrianController#naruto as HTML
DEPRECATION WARNING: Rendering actions with '.' in the name is deprecated: brian/naruto.html.erb (called from naruto at /Users/learnacademy/workspace/database-challenges/our_favorites/app/controllers/brian_controller.rb:3)
  Rendering layout layouts/application.html.erb
  Rendering brian/naruto.html.erb within layouts/application
  Rendered brian/naruto.html.erb within layouts/application (Duration: 1.0ms | Allocations: 202)
[Webpacker] Everything's up-to-date. Nothing to do
  Rendered layout layouts/application.html.erb (Duration: 11.3ms | Allocations: 3778)
Completed 200 OK in 17ms (Views: 16.3ms | Allocations: 5367)


Started GET "/demon_slayer" for ::1 at 2021-08-09 15:46:10 -0700
Processing by BrianController#demon_slayer as HTML
DEPRECATION WARNING: Rendering actions with '.' in the name is deprecated: brian/demon_slayer.html.erb (called from demon_slayer at /Users/learnacademy/workspace/database-challenges/our_favorites/app/controllers/brian_controller.rb:7)
  Rendering layout layouts/application.html.erb
  Rendering brian/demon_slayer.html.erb within layouts/application
  Rendered brian/demon_slayer.html.erb within layouts/application (Duration: 1.4ms | Allocations: 134)
[Webpacker] Everything's up-to-date. Nothing to do
  Rendered layout layouts/application.html.erb (Duration: 14.7ms | Allocations: 3763)
Completed 200 OK in 20ms (Views: 19.5ms | Allocations: 4922)


Started GET "/" for ::1 at 2021-08-09 15:46:20 -0700
Processing by MainController#main as HTML
  Rendering layout layouts/application.html.erb
  Rendering main/main.html.erb within layouts/application
  Rendered main/main.html.erb within layouts/application (Duration: 0.3ms | Allocations: 97)
[Webpacker] Everything's up-to-date. Nothing to do
  Rendered layout layouts/application.html.erb (Duration: 16.6ms | Allocations: 3591)
Completed 200 OK in 19ms (Views: 17.7ms | Allocations: 4018)


Started GET "/" for ::1 at 2021-08-09 15:49:01 -0700
Processing by MainController#main as HTML
DEPRECATION WARNING: Rendering actions with '.' in the name is deprecated: main/main.html.erb (called from main at /Users/learnacademy/workspace/database-challenges/our_favorites/app/controllers/main_controller.rb:5)
  Rendering layout layouts/application.html.erb
  Rendering main/main.html.erb within layouts/application
  Rendered main/main.html.erb within layouts/application (Duration: 1.1ms | Allocations: 291)
[Webpacker] Everything's up-to-date. Nothing to do
  Rendered layout layouts/application.html.erb (Duration: 10.4ms | Allocations: 4013)
Completed 200 OK in 20ms (Views: 19.0ms | Allocations: 5394)


Started GET "/one_punch_man" for ::1 at 2021-08-09 15:49:02 -0700
Processing by KelenController#one_punch_man as HTML
DEPRECATION WARNING: Rendering actions with '.' in the name is deprecated: kelen/one_punch_man.html.erb (called from one_punch_man at /Users/learnacademy/workspace/database-challenges/our_favorites/app/controllers/kelen_controller.rb:11)
  Rendering layout layouts/application.html.erb
  Rendering kelen/one_punch_man.html.erb within layouts/application
  Rendered kelen/one_punch_man.html.erb within layouts/application (Duration: 0.9ms | Allocations: 114)
[Webpacker] Everything's up-to-date. Nothing to do
  Rendered layout layouts/application.html.erb (Duration: 17.3ms | Allocations: 3786)
Completed 200 OK in 25ms (Views: 24.5ms | Allocations: 5363)


Started GET "/your_lie_in_april" for ::1 at 2021-08-09 15:49:04 -0700
Processing by KelenController#your_lie_in_april as HTML
DEPRECATION WARNING: Rendering actions with '.' in the name is deprecated: kelen/your_lie_in_april.html.erb (called from your_lie_in_april at /Users/learnacademy/workspace/database-challenges/our_favorites/app/controllers/kelen_controller.rb:7)
  Rendering layout layouts/application.html.erb
  Rendering kelen/your_lie_in_april.html.erb within layouts/application
  Rendered kelen/your_lie_in_april.html.erb within layouts/application (Duration: 0.7ms | Allocations: 117)
[Webpacker] Everything's up-to-date. Nothing to do
  Rendered layout layouts/application.html.erb (Duration: 12.5ms | Allocations: 4173)
Completed 200 OK in 17ms (Views: 16.5ms | Allocations: 4902)


Started GET "/haikyuu" for ::1 at 2021-08-09 15:49:05 -0700
  
ActionController::RoutingError (No route matches [GET] "/haikyuu"):
  
Started GET "/haikyuu" for ::1 at 2021-08-09 15:49:31 -0700
  
AbstractController::ActionNotFound (The action 'haikyuu!!' could not be found for KelenController
Did you mean?  haikyuu
               one_punch_man
               your_lie_in_april):
  
actionpack (6.1.4) lib/abstract_controller/base.rb:160:in `process'
actionview (6.1.4) lib/action_view/rendering.rb:39:in `process'
actionpack (6.1.4) lib/action_controller/metal.rb:190:in `dispatch'
actionpack (6.1.4) lib/action_controller/metal.rb:254:in `dispatch'
actionpack (6.1.4) lib/action_dispatch/routing/route_set.rb:50:in `dispatch'
actionpack (6.1.4) lib/action_dispatch/routing/route_set.rb:33:in `serve'
actionpack (6.1.4) lib/action_dispatch/journey/router.rb:50:in `block in serve'
actionpack (6.1.4) lib/action_dispatch/journey/router.rb:32:in `each'
actionpack (6.1.4) lib/action_dispatch/journey/router.rb:32:in `serve'
actionpack (6.1.4) lib/action_dispatch/routing/route_set.rb:842:in `call'
rack (2.2.3) lib/rack/tempfile_reaper.rb:15:in `call'
rack (2.2.3) lib/rack/etag.rb:27:in `call'
rack (2.2.3) lib/rack/conditional_get.rb:27:in `call'
rack (2.2.3) lib/rack/head.rb:12:in `call'
actionpack (6.1.4) lib/action_dispatch/http/permissions_policy.rb:22:in `call'
actionpack (6.1.4) lib/action_dispatch/http/content_security_policy.rb:18:in `call'
rack (2.2.3) lib/rack/session/abstract/id.rb:266:in `context'
rack (2.2.3) lib/rack/session/abstract/id.rb:260:in `call'
actionpack (6.1.4) lib/action_dispatch/middleware/cookies.rb:689:in `call'
activerecord (6.1.4) lib/active_record/migration.rb:601:in `call'
actionpack (6.1.4) lib/action_dispatch/middleware/callbacks.rb:27:in `block in call'
activesupport (6.1.4) lib/active_support/callbacks.rb:98:in `run_callbacks'
actionpack (6.1.4) lib/action_dispatch/middleware/callbacks.rb:26:in `call'
actionpack (6.1.4) lib/action_dispatch/middleware/executor.rb:14:in `call'
actionpack (6.1.4) lib/action_dispatch/middleware/actionable_exceptions.rb:18:in `call'
actionpack (6.1.4) lib/action_dispatch/middleware/debug_exceptions.rb:29:in `call'
web-console (4.1.0) lib/web_console/middleware.rb:132:in `call_app'
web-console (4.1.0) lib/web_console/middleware.rb:28:in `block in call'
web-console (4.1.0) lib/web_console/middleware.rb:17:in `catch'
web-console (4.1.0) lib/web_console/middleware.rb:17:in `call'
actionpack (6.1.4) lib/action_dispatch/middleware/show_exceptions.rb:33:in `call'
railties (6.1.4) lib/rails/rack/logger.rb:37:in `call_app'
railties (6.1.4) lib/rails/rack/logger.rb:26:in `block in call'
activesupport (6.1.4) lib/active_support/tagged_logging.rb:99:in `block in tagged'
activesupport (6.1.4) lib/active_support/tagged_logging.rb:37:in `tagged'
activesupport (6.1.4) lib/active_support/tagged_logging.rb:99:in `tagged'
railties (6.1.4) lib/rails/rack/logger.rb:26:in `call'
sprockets-rails (3.2.2) lib/sprockets/rails/quiet_assets.rb:13:in `call'
actionpack (6.1.4) lib/action_dispatch/middleware/remote_ip.rb:81:in `call'
actionpack (6.1.4) lib/action_dispatch/middleware/request_id.rb:26:in `call'
rack (2.2.3) lib/rack/method_override.rb:24:in `call'
rack (2.2.3) lib/rack/runtime.rb:22:in `call'
activesupport (6.1.4) lib/active_support/cache/strategy/local_cache_middleware.rb:29:in `call'
actionpack (6.1.4) lib/action_dispatch/middleware/executor.rb:14:in `call'
actionpack (6.1.4) lib/action_dispatch/middleware/static.rb:24:in `call'
rack (2.2.3) lib/rack/sendfile.rb:110:in `call'
actionpack (6.1.4) lib/action_dispatch/middleware/host_authorization.rb:98:in `call'
rack-mini-profiler (2.3.2) lib/mini_profiler/profiler.rb:384:in `call'
webpacker (5.4.0) lib/webpacker/dev_server_proxy.rb:25:in `perform_request'
rack-proxy (0.7.0) lib/rack/proxy.rb:63:in `call'
railties (6.1.4) lib/rails/engine.rb:539:in `call'
puma (5.4.0) lib/puma/configuration.rb:249:in `call'
puma (5.4.0) lib/puma/request.rb:77:in `block in handle_request'
puma (5.4.0) lib/puma/thread_pool.rb:340:in `with_force_shutdown'
puma (5.4.0) lib/puma/request.rb:76:in `handle_request'
puma (5.4.0) lib/puma/server.rb:440:in `process_client'
puma (5.4.0) lib/puma/thread_pool.rb:147:in `block in spawn_thread'
Started GET "/haikyuu" for ::1 at 2021-08-09 15:49:32 -0700
  
AbstractController::ActionNotFound (The action 'haikyuu!!' could not be found for KelenController
Did you mean?  haikyuu
               one_punch_man
               your_lie_in_april):
  
actionpack (6.1.4) lib/abstract_controller/base.rb:160:in `process'
actionview (6.1.4) lib/action_view/rendering.rb:39:in `process'
actionpack (6.1.4) lib/action_controller/metal.rb:190:in `dispatch'
actionpack (6.1.4) lib/action_controller/metal.rb:254:in `dispatch'
actionpack (6.1.4) lib/action_dispatch/routing/route_set.rb:50:in `dispatch'
actionpack (6.1.4) lib/action_dispatch/routing/route_set.rb:33:in `serve'
actionpack (6.1.4) lib/action_dispatch/journey/router.rb:50:in `block in serve'
actionpack (6.1.4) lib/action_dispatch/journey/router.rb:32:in `each'
actionpack (6.1.4) lib/action_dispatch/journey/router.rb:32:in `serve'
actionpack (6.1.4) lib/action_dispatch/routing/route_set.rb:842:in `call'
rack (2.2.3) lib/rack/tempfile_reaper.rb:15:in `call'
rack (2.2.3) lib/rack/etag.rb:27:in `call'
rack (2.2.3) lib/rack/conditional_get.rb:27:in `call'
rack (2.2.3) lib/rack/head.rb:12:in `call'
actionpack (6.1.4) lib/action_dispatch/http/permissions_policy.rb:22:in `call'
actionpack (6.1.4) lib/action_dispatch/http/content_security_policy.rb:18:in `call'
rack (2.2.3) lib/rack/session/abstract/id.rb:266:in `context'
rack (2.2.3) lib/rack/session/abstract/id.rb:260:in `call'
actionpack (6.1.4) lib/action_dispatch/middleware/cookies.rb:689:in `call'
activerecord (6.1.4) lib/active_record/migration.rb:601:in `call'
actionpack (6.1.4) lib/action_dispatch/middleware/callbacks.rb:27:in `block in call'
activesupport (6.1.4) lib/active_support/callbacks.rb:98:in `run_callbacks'
actionpack (6.1.4) lib/action_dispatch/middleware/callbacks.rb:26:in `call'
actionpack (6.1.4) lib/action_dispatch/middleware/executor.rb:14:in `call'
actionpack (6.1.4) lib/action_dispatch/middleware/actionable_exceptions.rb:18:in `call'
actionpack (6.1.4) lib/action_dispatch/middleware/debug_exceptions.rb:29:in `call'
web-console (4.1.0) lib/web_console/middleware.rb:132:in `call_app'
web-console (4.1.0) lib/web_console/middleware.rb:28:in `block in call'
web-console (4.1.0) lib/web_console/middleware.rb:17:in `catch'
web-console (4.1.0) lib/web_console/middleware.rb:17:in `call'
actionpack (6.1.4) lib/action_dispatch/middleware/show_exceptions.rb:33:in `call'
railties (6.1.4) lib/rails/rack/logger.rb:37:in `call_app'
railties (6.1.4) lib/rails/rack/logger.rb:26:in `block in call'
activesupport (6.1.4) lib/active_support/tagged_logging.rb:99:in `block in tagged'
activesupport (6.1.4) lib/active_support/tagged_logging.rb:37:in `tagged'
activesupport (6.1.4) lib/active_support/tagged_logging.rb:99:in `tagged'
railties (6.1.4) lib/rails/rack/logger.rb:26:in `call'
sprockets-rails (3.2.2) lib/sprockets/rails/quiet_assets.rb:13:in `call'
actionpack (6.1.4) lib/action_dispatch/middleware/remote_ip.rb:81:in `call'
actionpack (6.1.4) lib/action_dispatch/middleware/request_id.rb:26:in `call'
rack (2.2.3) lib/rack/method_override.rb:24:in `call'
rack (2.2.3) lib/rack/runtime.rb:22:in `call'
activesupport (6.1.4) lib/active_support/cache/strategy/local_cache_middleware.rb:29:in `call'
actionpack (6.1.4) lib/action_dispatch/middleware/executor.rb:14:in `call'
actionpack (6.1.4) lib/action_dispatch/middleware/static.rb:24:in `call'
rack (2.2.3) lib/rack/sendfile.rb:110:in `call'
actionpack (6.1.4) lib/action_dispatch/middleware/host_authorization.rb:98:in `call'
rack-mini-profiler (2.3.2) lib/mini_profiler/profiler.rb:384:in `call'
webpacker (5.4.0) lib/webpacker/dev_server_proxy.rb:25:in `perform_request'
rack-proxy (0.7.0) lib/rack/proxy.rb:63:in `call'
railties (6.1.4) lib/rails/engine.rb:539:in `call'
puma (5.4.0) lib/puma/configuration.rb:249:in `call'
puma (5.4.0) lib/puma/request.rb:77:in `block in handle_request'
puma (5.4.0) lib/puma/thread_pool.rb:340:in `with_force_shutdown'
puma (5.4.0) lib/puma/request.rb:76:in `handle_request'
puma (5.4.0) lib/puma/server.rb:440:in `process_client'
puma (5.4.0) lib/puma/thread_pool.rb:147:in `block in spawn_thread'
Started GET "/haikyuu" for ::1 at 2021-08-09 15:49:43 -0700
Processing by KelenController#haikyuu as HTML
DEPRECATION WARNING: Rendering actions with '.' in the name is deprecated: kelen/haikyuu.html.erb (called from haikyuu at /Users/learnacademy/workspace/database-challenges/our_favorites/app/controllers/kelen_controller.rb:3)
  Rendering layout layouts/application.html.erb
  Rendering kelen/haikyuu.html.erb within layouts/application
  Rendered kelen/haikyuu.html.erb within layouts/application (Duration: 1.2ms | Allocations: 107)
[Webpacker] Everything's up-to-date. Nothing to do
  Rendered layout layouts/application.html.erb (Duration: 21.1ms | Allocations: 3660)
Completed 200 OK in 26ms (Views: 25.5ms | Allocations: 4548)


Started GET "/" for ::1 at 2021-08-09 15:49:45 -0700
Processing by MainController#main as HTML
  Rendering layout layouts/application.html.erb
  Rendering main/main.html.erb within layouts/application
  Rendered main/main.html.erb within layouts/application (Duration: 1.8ms | Allocations: 493)
[Webpacker] Everything's up-to-date. Nothing to do
  Rendered layout layouts/application.html.erb (Duration: 18.6ms | Allocations: 4215)
Completed 200 OK in 23ms (Views: 20.9ms | Allocations: 4825)


Started GET "/" for ::1 at 2021-08-09 15:51:45 -0700
Processing by MainController#main as HTML
DEPRECATION WARNING: Rendering actions with '.' in the name is deprecated: main/main.html.erb (called from main at /Users/learnacademy/workspace/database-challenges/our_favorites/app/controllers/main_controller.rb:5)
  Rendering layout layouts/application.html.erb
  Rendering main/main.html.erb within layouts/application
  Rendered main/main.html.erb within layouts/application (Duration: 0.7ms | Allocations: 291)
[Webpacker] Everything's up-to-date. Nothing to do
  Rendered layout layouts/application.html.erb (Duration: 12.9ms | Allocations: 4034)
Completed 200 OK in 17ms (Views: 16.8ms | Allocations: 5386)


Started GET "/sword_art_online" for ::1 at 2021-08-09 15:51:47 -0700
Processing by BrianController#sword_art_online as HTML
DEPRECATION WARNING: Rendering actions with '.' in the name is deprecated: brian/sword_art_online.html.erb (called from sword_art_online at /Users/learnacademy/workspace/database-challenges/our_favorites/app/controllers/brian_controller.rb:11)
  Rendering layout layouts/application.html.erb
  Rendering brian/sword_art_online.html.erb within layouts/application
  Rendered brian/sword_art_online.html.erb within layouts/application (Duration: 1.1ms | Allocations: 1425)
  Rendered layout layouts/application.html.erb (Duration: 1.3ms | Allocations: 1494)
Completed 500 Internal Server Error in 6ms (Allocations: 2608)


  
ActionView::Template::Error (uninitialized constant #<Class:0x00007fc43b4c3a40>::Home):
    1: <h2>Sword Art Online</h2>
    2: <%link_to Home, '/'%>
  
app/views/brian/sword_art_online.html.erb:2
app/controllers/brian_controller.rb:11:in `sword_art_online'
Started GET "/" for ::1 at 2021-08-09 15:52:04 -0700
Processing by MainController#main as HTML
DEPRECATION WARNING: Rendering actions with '.' in the name is deprecated: main/main.html.erb (called from main at /Users/learnacademy/workspace/database-challenges/our_favorites/app/controllers/main_controller.rb:5)
  Rendering layout layouts/application.html.erb
  Rendering main/main.html.erb within layouts/application
  Rendered main/main.html.erb within layouts/application (Duration: 1.3ms | Allocations: 305)
[Webpacker] Everything's up-to-date. Nothing to do
  Rendered layout layouts/application.html.erb (Duration: 12.8ms | Allocations: 4171)
Completed 200 OK in 20ms (Views: 19.0ms | Allocations: 5974)


Started GET "/haikyuu" for ::1 at 2021-08-09 15:52:05 -0700
Processing by KelenController#haikyuu as HTML
DEPRECATION WARNING: Rendering actions with '.' in the name is deprecated: kelen/haikyuu.html.erb (called from haikyuu at /Users/learnacademy/workspace/database-challenges/our_favorites/app/controllers/kelen_controller.rb:3)
  Rendering layout layouts/application.html.erb
  Rendering kelen/haikyuu.html.erb within layouts/application
  Rendered kelen/haikyuu.html.erb within layouts/application (Duration: 1.3ms | Allocations: 168)
[Webpacker] Everything's up-to-date. Nothing to do
  Rendered layout layouts/application.html.erb (Duration: 14.9ms | Allocations: 3851)
Completed 200 OK in 23ms (Views: 22.6ms | Allocations: 5411)


Started GET "/haikyuu" for ::1 at 2021-08-09 15:52:09 -0700
Processing by KelenController#haikyuu as HTML
  Rendering layout layouts/application.html.erb
  Rendering kelen/haikyuu.html.erb within layouts/application
  Rendered kelen/haikyuu.html.erb within layouts/application (Duration: 0.2ms | Allocations: 48)
[Webpacker] Everything's up-to-date. Nothing to do
  Rendered layout layouts/application.html.erb (Duration: 8.7ms | Allocations: 3541)
Completed 200 OK in 10ms (Views: 9.6ms | Allocations: 3957)


Started GET "/haikyuu" for ::1 at 2021-08-09 15:52:40 -0700
Processing by KelenController#haikyuu as HTML
DEPRECATION WARNING: Rendering actions with '.' in the name is deprecated: kelen/haikyuu.html.erb (called from haikyuu at /Users/learnacademy/workspace/database-challenges/our_favorites/app/controllers/kelen_controller.rb:3)
  Rendering layout layouts/application.html.erb
  Rendering kelen/haikyuu.html.erb within layouts/application
  Rendered kelen/haikyuu.html.erb within layouts/application (Duration: 0.7ms | Allocations: 146)
[Webpacker] Everything's up-to-date. Nothing to do
  Rendered layout layouts/application.html.erb (Duration: 10.3ms | Allocations: 3874)
Completed 200 OK in 18ms (Views: 17.6ms | Allocations: 5208)


Started GET "/haikyuu" for ::1 at 2021-08-09 15:52:41 -0700
Processing by KelenController#haikyuu as HTML
  Rendering layout layouts/application.html.erb
  Rendering kelen/haikyuu.html.erb within layouts/application
  Rendered kelen/haikyuu.html.erb within layouts/application (Duration: 0.1ms | Allocations: 48)
[Webpacker] Everything's up-to-date. Nothing to do
  Rendered layout layouts/application.html.erb (Duration: 9.9ms | Allocations: 3541)
Completed 200 OK in 12ms (Views: 10.9ms | Allocations: 3957)


Started GET "/haikyuu" for ::1 at 2021-08-09 15:54:23 -0700
Processing by KelenController#haikyuu as HTML
DEPRECATION WARNING: Rendering actions with '.' in the name is deprecated: kelen/haikyuu.html.erb (called from haikyuu at /Users/learnacademy/workspace/database-challenges/our_favorites/app/controllers/kelen_controller.rb:3)
  Rendering layout layouts/application.html.erb
  Rendering kelen/haikyuu.html.erb within layouts/application
  Rendered kelen/haikyuu.html.erb within layouts/application (Duration: 0.5ms | Allocations: 147)
[Webpacker] Everything's up-to-date. Nothing to do
  Rendered layout layouts/application.html.erb (Duration: 17.9ms | Allocations: 3876)
Completed 200 OK in 26ms (Views: 24.9ms | Allocations: 5207)


Started GET "/" for ::1 at 2021-08-09 15:54:25 -0700
Processing by MainController#main as HTML
DEPRECATION WARNING: Rendering actions with '.' in the name is deprecated: main/main.html.erb (called from main at /Users/learnacademy/workspace/database-challenges/our_favorites/app/controllers/main_controller.rb:5)
  Rendering layout layouts/application.html.erb
  Rendering main/main.html.erb within layouts/application
  Rendered main/main.html.erb within layouts/application (Duration: 2.9ms | Allocations: 701)
[Webpacker] Everything's up-to-date. Nothing to do
  Rendered layout layouts/application.html.erb (Duration: 22.8ms | Allocations: 4430)
Completed 200 OK in 32ms (Views: 31.2ms | Allocations: 5554)


Started GET "/" for ::1 at 2021-08-09 15:55:14 -0700
Processing by MainController#main as HTML
DEPRECATION WARNING: Rendering actions with '.' in the name is deprecated: main/main.html.erb (called from main at /Users/learnacademy/workspace/database-challenges/our_favorites/app/controllers/main_controller.rb:5)
  Rendering layout layouts/application.html.erb
  Rendering main/main.html.erb within layouts/application
  Rendered main/main.html.erb within layouts/application (Duration: 1.1ms | Allocations: 291)
[Webpacker] Everything's up-to-date. Nothing to do
  Rendered layout layouts/application.html.erb (Duration: 16.5ms | Allocations: 4034)
Completed 200 OK in 24ms (Views: 23.3ms | Allocations: 5387)


Started GET "/naruto" for ::1 at 2021-08-09 15:55:15 -0700
Processing by BrianController#naruto as HTML
DEPRECATION WARNING: Rendering actions with '.' in the name is deprecated: brian/naruto.html.erb (called from naruto at /Users/learnacademy/workspace/database-challenges/our_favorites/app/controllers/brian_controller.rb:3)
  Rendering layout layouts/application.html.erb
  Rendering brian/naruto.html.erb within layouts/application
  Rendered brian/naruto.html.erb within layouts/application (Duration: 0.8ms | Allocations: 146)
[Webpacker] Everything's up-to-date. Nothing to do
  Rendered layout layouts/application.html.erb (Duration: 19.5ms | Allocations: 3822)
Completed 200 OK in 31ms (Views: 30.2ms | Allocations: 5415)


Started GET "/" for ::1 at 2021-08-09 15:55:17 -0700
Processing by MainController#main as HTML
  Rendering layout layouts/application.html.erb
  Rendering main/main.html.erb within layouts/application
  Rendered main/main.html.erb within layouts/application (Duration: 0.4ms | Allocations: 97)
[Webpacker] Everything's up-to-date. Nothing to do
  Rendered layout layouts/application.html.erb (Duration: 51.5ms | Allocations: 4181)
Completed 200 OK in 55ms (Views: 52.8ms | Allocations: 4612)


Started GET "/demon_slayer" for ::1 at 2021-08-09 15:56:49 -0700
Processing by BrianController#demon_slayer as HTML
DEPRECATION WARNING: Rendering actions with '.' in the name is deprecated: brian/demon_slayer.html.erb (called from demon_slayer at /Users/learnacademy/workspace/database-challenges/our_favorites/app/controllers/brian_controller.rb:7)
  Rendering layout layouts/application.html.erb
  Rendering brian/demon_slayer.html.erb within layouts/application
  Rendered brian/demon_slayer.html.erb within layouts/application (Duration: 0.5ms | Allocations: 154)
[Webpacker] Everything's up-to-date. Nothing to do
  Rendered layout layouts/application.html.erb (Duration: 11.5ms | Allocations: 3992)
Completed 200 OK in 21ms (Views: 19.5ms | Allocations: 5807)


Started GET "/" for ::1 at 2021-08-09 16:04:11 -0700
Processing by MainController#main as HTML
DEPRECATION WARNING: Rendering actions with '.' in the name is deprecated: main/main.html.erb (called from main at /Users/learnacademy/workspace/database-challenges/our_favorites/app/controllers/main_controller.rb:5)
  Rendering layout layouts/application.html.erb
  Rendering main/main.html.erb within layouts/application
  Rendered main/main.html.erb within layouts/application (Duration: 1.0ms | Allocations: 289)
[Webpacker] Everything's up-to-date. Nothing to do
  Rendered layout layouts/application.html.erb (Duration: 20.7ms | Allocations: 4032)
Completed 200 OK in 28ms (Views: 27.6ms | Allocations: 5387)


Started GET "/" for ::1 at 2021-08-09 16:04:12 -0700
Processing by MainController#main as HTML
  Rendering layout layouts/application.html.erb
  Rendering main/main.html.erb within layouts/application
  Rendered main/main.html.erb within layouts/application (Duration: 0.3ms | Allocations: 97)
[Webpacker] Everything's up-to-date. Nothing to do
  Rendered layout layouts/application.html.erb (Duration: 7.7ms | Allocations: 3605)
Completed 200 OK in 9ms (Views: 8.7ms | Allocations: 4034)


Started GET "/demon_slayer" for ::1 at 2021-08-09 16:04:15 -0700
Processing by BrianController#demon_slayer as HTML
DEPRECATION WARNING: Rendering actions with '.' in the name is deprecated: brian/demon_slayer.html.erb (called from demon_slayer at /Users/learnacademy/workspace/database-challenges/our_favorites/app/controllers/brian_controller.rb:7)
  Rendering layout layouts/application.html.erb
  Rendering brian/demon_slayer.html.erb within layouts/application
  Rendered brian/demon_slayer.html.erb within layouts/application (Duration: 1.4ms | Allocations: 149)
[Webpacker] Everything's up-to-date. Nothing to do
  Rendered layout layouts/application.html.erb (Duration: 14.3ms | Allocations: 4282)
Completed 200 OK in 26ms (Views: 24.3ms | Allocations: 5402)


Started GET "/naruto" for ::1 at 2021-08-09 16:04:17 -0700
Processing by BrianController#naruto as HTML
DEPRECATION WARNING: Rendering actions with '.' in the name is deprecated: brian/naruto.html.erb (called from naruto at /Users/learnacademy/workspace/database-challenges/our_favorites/app/controllers/brian_controller.rb:3)
  Rendering layout layouts/application.html.erb
  Rendering brian/naruto.html.erb within layouts/application
  Rendered brian/naruto.html.erb within layouts/application (Duration: 1.2ms | Allocations: 139)
[Webpacker] Everything's up-to-date. Nothing to do
  Rendered layout layouts/application.html.erb (Duration: 22.4ms | Allocations: 4228)
Completed 200 OK in 30ms (Views: 28.7ms | Allocations: 4928)


Started GET "/your_lie_in_april" for ::1 at 2021-08-09 16:04:18 -0700
Processing by KelenController#your_lie_in_april as HTML
DEPRECATION WARNING: Rendering actions with '.' in the name is deprecated: kelen/your_lie_in_april.html.erb (called from your_lie_in_april at /Users/learnacademy/workspace/database-challenges/our_favorites/app/controllers/kelen_controller.rb:7)
  Rendering layout layouts/application.html.erb
  Rendering kelen/your_lie_in_april.html.erb within layouts/application
  Rendered kelen/your_lie_in_april.html.erb within layouts/application (Duration: 1.1ms | Allocations: 173)
[Webpacker] Everything's up-to-date. Nothing to do
  Rendered layout layouts/application.html.erb (Duration: 18.0ms | Allocations: 3857)
Completed 200 OK in 30ms (Views: 27.9ms | Allocations: 5420)


