  [1m[35m (708.1ms)[0m  [1m[35mCREATE DATABASE "rails_params_c_b_r_development" ENCODING = 'unicode'[0m
  [1m[35m (262.7ms)[0m  [1m[35mCREATE DATABASE "rails_params_c_b_r_test" ENCODING = 'unicode'[0m
Started GET "/" for ::1 at 2021-08-10 10:43:47 -0700
Processing by Rails::WelcomeController#index as HTML
  Rendering /Users/learnacademy/.rvm/gems/ruby-3.0.0/gems/railties-6.1.4/lib/rails/templates/rails/welcome/index.html.erb
  Rendered /Users/learnacademy/.rvm/gems/ruby-3.0.0/gems/railties-6.1.4/lib/rails/templates/rails/welcome/index.html.erb (Duration: 23.1ms | Allocations: 522)
Completed 200 OK in 130ms (Views: 80.7ms | ActiveRecord: 0.0ms | Allocations: 4215)


Started GET "/" for ::1 at 2021-08-10 10:53:58 -0700
Processing by MainController#cubed as HTML
DEPRECATION WARNING: Rendering actions with '.' in the name is deprecated: main/cubed.html.erb (called from cubed at /Users/learnacademy/Desktop/database-challenges/rails_params_c_b_r/app/controllers/main_controller.rb:3)
  Rendering layout layouts/application.html.erb
  Rendering main/cubed.html.erb within layouts/application
  Rendered main/cubed.html.erb within layouts/application (Duration: 0.7ms | Allocations: 111)
[Webpacker] Compiling...
[Webpacker] Compiled all packs in /Users/learnacademy/Desktop/database-challenges/rails_params_c_b_r/public/packs
[Webpacker] Though the "loose" option was set to "false" in your @babel/preset-env config, it will not be used for @babel/plugin-proposal-private-property-in-object since the "loose" mode option was set to "true" for @babel/plugin-proposal-class-properties.
The "loose" option must be the same for @babel/plugin-proposal-class-properties, @babel/plugin-proposal-private-methods and @babel/plugin-proposal-private-property-in-object (when they are enabled): you can silence this warning by explicitly adding
	["@babel/plugin-proposal-private-property-in-object", { "loose": true }]
to the "plugins" section of your Babel config.
Though the "loose" option was set to "false" in your @babel/preset-env config, it will not be used for @babel/plugin-proposal-private-methods since the "loose" mode option was set to "true" for @babel/plugin-proposal-private-property-in-object.
The "loose" option must be the same for @babel/plugin-proposal-class-properties, @babel/plugin-proposal-private-methods and @babel/plugin-proposal-private-property-in-object (when they are enabled): you can silence this warning by explicitly adding
	["@babel/plugin-proposal-private-methods", { "loose": true }]
to the "plugins" section of your Babel config.
Though the "loose" option was set to "false" in your @babel/preset-env config, it will not be used for @babel/plugin-proposal-private-property-in-object since the "loose" mode option was set to "true" for @babel/plugin-proposal-class-properties.
The "loose" option must be the same for @babel/plugin-proposal-class-properties, @babel/plugin-proposal-private-methods and @babel/plugin-proposal-private-property-in-object (when they are enabled): you can silence this warning by explicitly adding
	["@babel/plugin-proposal-private-property-in-object", { "loose": true }]
to the "plugins" section of your Babel config.
Though the "loose" option was set to "false" in your @babel/preset-env config, it will not be used for @babel/plugin-proposal-private-methods since the "loose" mode option was set to "true" for @babel/plugin-proposal-private-property-in-object.
The "loose" option must be the same for @babel/plugin-proposal-class-properties, @babel/plugin-proposal-private-methods and @babel/plugin-proposal-private-property-in-object (when they are enabled): you can silence this warning by explicitly adding
	["@babel/plugin-proposal-private-methods", { "loose": true }]
to the "plugins" section of your Babel config.
Though the "loose" option was set to "false" in your @babel/preset-env config, it will not be used for @babel/plugin-proposal-private-property-in-object since the "loose" mode option was set to "true" for @babel/plugin-proposal-class-properties.
The "loose" option must be the same for @babel/plugin-proposal-class-properties, @babel/plugin-proposal-private-methods and @babel/plugin-proposal-private-property-in-object (when they are enabled): you can silence this warning by explicitly adding
	["@babel/plugin-proposal-private-property-in-object", { "loose": true }]
to the "plugins" section of your Babel config.
Though the "loose" option was set to "false" in your @babel/preset-env config, it will not be used for @babel/plugin-proposal-private-methods since the "loose" mode option was set to "true" for @babel/plugin-proposal-private-property-in-object.
The "loose" option must be the same for @babel/plugin-proposal-class-properties, @babel/plugin-proposal-private-methods and @babel/plugin-proposal-private-property-in-object (when they are enabled): you can silence this warning by explicitly adding
	["@babel/plugin-proposal-private-methods", { "loose": true }]
to the "plugins" section of your Babel config.
Though the "loose" option was set to "false" in your @babel/preset-env config, it will not be used for @babel/plugin-proposal-private-property-in-object since the "loose" mode option was set to "true" for @babel/plugin-proposal-class-properties.
The "loose" option must be the same for @babel/plugin-proposal-class-properties, @babel/plugin-proposal-private-methods and @babel/plugin-proposal-private-property-in-object (when they are enabled): you can silence this warning by explicitly adding
	["@babel/plugin-proposal-private-property-in-object", { "loose": true }]
to the "plugins" section of your Babel config.
Though the "loose" option was set to "false" in your @babel/preset-env config, it will not be used for @babel/plugin-proposal-private-methods since the "loose" mode option was set to "true" for @babel/plugin-proposal-private-property-in-object.
The "loose" option must be the same for @babel/plugin-proposal-class-properties, @babel/plugin-proposal-private-methods and @babel/plugin-proposal-private-property-in-object (when they are enabled): you can silence this warning by explicitly adding
	["@babel/plugin-proposal-private-methods", { "loose": true }]
to the "plugins" section of your Babel config.
Though the "loose" option was set to "false" in your @babel/preset-env config, it will not be used for @babel/plugin-proposal-private-property-in-object since the "loose" mode option was set to "true" for @babel/plugin-proposal-class-properties.
The "loose" option must be the same for @babel/plugin-proposal-class-properties, @babel/plugin-proposal-private-methods and @babel/plugin-proposal-private-property-in-object (when they are enabled): you can silence this warning by explicitly adding
	["@babel/plugin-proposal-private-property-in-object", { "loose": true }]
to the "plugins" section of your Babel config.
Though the "loose" option was set to "false" in your @babel/preset-env config, it will not be used for @babel/plugin-proposal-private-methods since the "loose" mode option was set to "true" for @babel/plugin-proposal-private-property-in-object.
The "loose" option must be the same for @babel/plugin-proposal-class-properties, @babel/plugin-proposal-private-methods and @babel/plugin-proposal-private-property-in-object (when they are enabled): you can silence this warning by explicitly adding
	["@babel/plugin-proposal-private-methods", { "loose": true }]
to the "plugins" section of your Babel config.
Though the "loose" option was set to "false" in your @babel/preset-env config, it will not be used for @babel/plugin-proposal-private-property-in-object since the "loose" mode option was set to "true" for @babel/plugin-proposal-class-properties.
The "loose" option must be the same for @babel/plugin-proposal-class-properties, @babel/plugin-proposal-private-methods and @babel/plugin-proposal-private-property-in-object (when they are enabled): you can silence this warning by explicitly adding
	["@babel/plugin-proposal-private-property-in-object", { "loose": true }]
to the "plugins" section of your Babel config.
Though the "loose" option was set to "false" in your @babel/preset-env config, it will not be used for @babel/plugin-proposal-private-methods since the "loose" mode option was set to "true" for @babel/plugin-proposal-private-property-in-object.
The "loose" option must be the same for @babel/plugin-proposal-class-properties, @babel/plugin-proposal-private-methods and @babel/plugin-proposal-private-property-in-object (when they are enabled): you can silence this warning by explicitly adding
	["@babel/plugin-proposal-private-methods", { "loose": true }]
to the "plugins" section of your Babel config.

[Webpacker] Hash: e2a8a876c5815bee1e21
Version: webpack 4.46.0
Time: 3720ms
Built at: 08/10/2021 10:54:06 AM
                                     Asset       Size       Chunks                         Chunk Names
    js/application-e421b4aa3f716bebdab1.js    125 KiB  application  [emitted] [immutable]  application
js/application-e421b4aa3f716bebdab1.js.map    139 KiB  application  [emitted] [dev]        application
                             manifest.json  364 bytes               [emitted]              
Entrypoint application = js/application-e421b4aa3f716bebdab1.js js/application-e421b4aa3f716bebdab1.js.map
[./app/javascript/channels sync recursive _channel\.js$] ./app/javascript/channels sync _channel\.js$ 160 bytes {application} [built]
[./app/javascript/channels/index.js] 211 bytes {application} [built]
[./app/javascript/packs/application.js] 492 bytes {application} [built]
[./node_modules/webpack/buildin/module.js] (webpack)/buildin/module.js 552 bytes {application} [built]
    + 3 hidden modules

  Rendered layout layouts/application.html.erb (Duration: 8411.9ms | Allocations: 15042)
Completed 200 OK in 8423ms (Views: 8421.5ms | Allocations: 16458)


Started GET "/" for ::1 at 2021-08-10 10:58:12 -0700
Processing by Rails::WelcomeController#index as HTML
  Rendering /Users/learnacademy/.rvm/gems/ruby-3.0.0/gems/railties-6.1.4/lib/rails/templates/rails/welcome/index.html.erb
  Rendered /Users/learnacademy/.rvm/gems/ruby-3.0.0/gems/railties-6.1.4/lib/rails/templates/rails/welcome/index.html.erb (Duration: 10.5ms | Allocations: 218)
Completed 200 OK in 15ms (Views: 12.4ms | Allocations: 1005)


Started GET "/" for ::1 at 2021-08-10 10:58:13 -0700
Processing by Rails::WelcomeController#index as HTML
  Rendering /Users/learnacademy/.rvm/gems/ruby-3.0.0/gems/railties-6.1.4/lib/rails/templates/rails/welcome/index.html.erb
  Rendered /Users/learnacademy/.rvm/gems/ruby-3.0.0/gems/railties-6.1.4/lib/rails/templates/rails/welcome/index.html.erb (Duration: 0.7ms | Allocations: 45)
Completed 200 OK in 4ms (Views: 2.5ms | Allocations: 454)


Started GET "/" for ::1 at 2021-08-10 10:58:22 -0700
Processing by Rails::WelcomeController#index as HTML
  Rendering /Users/learnacademy/.rvm/gems/ruby-3.0.0/gems/railties-6.1.4/lib/rails/templates/rails/welcome/index.html.erb
  Rendered /Users/learnacademy/.rvm/gems/ruby-3.0.0/gems/railties-6.1.4/lib/rails/templates/rails/welcome/index.html.erb (Duration: 0.4ms | Allocations: 46)
Completed 200 OK in 2ms (Views: 1.3ms | Allocations: 459)


Started GET "/5" for ::1 at 2021-08-10 10:58:45 -0700
Processing by MainController#cubed as HTML
  Parameters: {"number"=>"5"}
  Rendering layout layouts/application.html.erb
  Rendering main/cubed.html.erb within layouts/application
  Rendered main/cubed.html.erb within layouts/application (Duration: 0.2ms | Allocations: 40)
[Webpacker] Everything's up-to-date. Nothing to do
  Rendered layout layouts/application.html.erb (Duration: 17.7ms | Allocations: 3453)
Completed 500 Internal Server Error in 22ms (Views: 20.7ms | Allocations: 4935)


  
NoMethodError (undefined method `**' for :number:Symbol):
  
app/controllers/main_controller.rb:4:in `cubed'
Started GET "/5" for ::1 at 2021-08-10 11:00:01 -0700
Processing by MainController#cubed as HTML
  Parameters: {"number"=>"5"}
DEPRECATION WARNING: Rendering actions with '.' in the name is deprecated: main/cubed.html.erb (called from cubed at /Users/learnacademy/Desktop/database-challenges/rails_params_c_b_r/app/controllers/main_controller.rb:3)
  Rendering layout layouts/application.html.erb
  Rendering main/cubed.html.erb within layouts/application
  Rendered main/cubed.html.erb within layouts/application (Duration: 0.8ms | Allocations: 123)
[Webpacker] Everything's up-to-date. Nothing to do
  Rendered layout layouts/application.html.erb (Duration: 18.8ms | Allocations: 3727)
Completed 500 Internal Server Error in 28ms (Views: 25.2ms | Allocations: 6539)


  
NoMethodError (undefined method `**' for "5":String
Did you mean?  *):
  
app/controllers/main_controller.rb:4:in `cubed'
Started GET "/5" for ::1 at 2021-08-10 11:00:39 -0700
Processing by MainController#cubed as HTML
  Parameters: {"number"=>"5"}
  Rendering layout layouts/application.html.erb
  Rendering main/cubed.html.erb within layouts/application
  Rendered main/cubed.html.erb within layouts/application (Duration: 0.2ms | Allocations: 40)
[Webpacker] Everything's up-to-date. Nothing to do
  Rendered layout layouts/application.html.erb (Duration: 15.3ms | Allocations: 3480)
Completed 500 Internal Server Error in 19ms (Views: 16.7ms | Allocations: 4926)


  
NoMethodError (undefined method `**' for :number:Symbol):
  
app/controllers/main_controller.rb:4:in `cubed'
Started GET "/5" for ::1 at 2021-08-10 11:01:32 -0700
Processing by MainController#cubed as HTML
  Parameters: {"number"=>"5"}
  Rendering layout layouts/application.html.erb
  Rendering main/cubed.html.erb within layouts/application
  Rendered main/cubed.html.erb within layouts/application (Duration: 0.1ms | Allocations: 40)
[Webpacker] Everything's up-to-date. Nothing to do
  Rendered layout layouts/application.html.erb (Duration: 12.0ms | Allocations: 3478)
Completed 200 OK in 15ms (Views: 13.4ms | Allocations: 4089)


Started GET "/5" for ::1 at 2021-08-10 11:01:36 -0700
Processing by MainController#cubed as HTML
  Parameters: {"number"=>"5"}
  Rendering layout layouts/application.html.erb
  Rendering main/cubed.html.erb within layouts/application
  Rendered main/cubed.html.erb within layouts/application (Duration: 0.1ms | Allocations: 38)
[Webpacker] Everything's up-to-date. Nothing to do
  Rendered layout layouts/application.html.erb (Duration: 6.6ms | Allocations: 3432)
Completed 200 OK in 8ms (Views: 7.1ms | Allocations: 3857)


Started GET "/5" for ::1 at 2021-08-10 11:01:47 -0700
Processing by MainController#cubed as HTML
  Parameters: {"number"=>"5"}
  Rendering layout layouts/application.html.erb
  Rendering main/cubed.html.erb within layouts/application
  Rendered main/cubed.html.erb within layouts/application (Duration: 0.1ms | Allocations: 40)
[Webpacker] Everything's up-to-date. Nothing to do
  Rendered layout layouts/application.html.erb (Duration: 12.3ms | Allocations: 3499)
Completed 200 OK in 15ms (Views: 13.9ms | Allocations: 4109)


Started GET "/5" for ::1 at 2021-08-10 11:01:48 -0700
Processing by MainController#cubed as HTML
  Parameters: {"number"=>"5"}
  Rendering layout layouts/application.html.erb
  Rendering main/cubed.html.erb within layouts/application
  Rendered main/cubed.html.erb within layouts/application (Duration: 0.1ms | Allocations: 38)
[Webpacker] Everything's up-to-date. Nothing to do
  Rendered layout layouts/application.html.erb (Duration: 9.6ms | Allocations: 3424)
Completed 200 OK in 12ms (Views: 11.3ms | Allocations: 3847)


Started GET "/4" for ::1 at 2021-08-10 11:01:56 -0700
Processing by MainController#cubed as HTML
  Parameters: {"number"=>"4"}
  Rendering layout layouts/application.html.erb
  Rendering main/cubed.html.erb within layouts/application
  Rendered main/cubed.html.erb within layouts/application (Duration: 0.2ms | Allocations: 38)
[Webpacker] Everything's up-to-date. Nothing to do
  Rendered layout layouts/application.html.erb (Duration: 8.6ms | Allocations: 3423)
Completed 200 OK in 10ms (Views: 9.8ms | Allocations: 3846)


Started GET "/4" for ::1 at 2021-08-10 11:03:19 -0700
Processing by MainController#cubed as HTML
  Parameters: {"number"=>"4"}
  Rendering layout layouts/application.html.erb
  Rendering main/cubed.html.erb within layouts/application
  Rendered main/cubed.html.erb within layouts/application (Duration: 0.2ms | Allocations: 40)
[Webpacker] Everything's up-to-date. Nothing to do
  Rendered layout layouts/application.html.erb (Duration: 8.6ms | Allocations: 3470)
Completed 200 OK in 11ms (Views: 10.2ms | Allocations: 4079)


Started GET "/4" for ::1 at 2021-08-10 11:04:30 -0700
Processing by MainController#cubed as HTML
  Parameters: {"number"=>"4"}
  Rendering layout layouts/application.html.erb
  Rendering main/cubed.html.erb within layouts/application
  Rendered main/cubed.html.erb within layouts/application (Duration: 0.1ms | Allocations: 40)
[Webpacker] Everything's up-to-date. Nothing to do
  Rendered layout layouts/application.html.erb (Duration: 5.9ms | Allocations: 3470)
Completed 500 Internal Server Error in 7ms (Views: 6.6ms | Allocations: 4446)


  
AbstractController::DoubleRenderError (Render and/or redirect were called multiple times in this action. Please note that you may only call render OR redirect, and at most once per action. Also note that neither redirect nor render terminate execution of the action, so if you want to exit an action after redirecting, you need to do something like "redirect_to(...) and return".):
  
app/controllers/main_controller.rb:3:in `cubed'
app/controllers/main_controller.rb:5:in `cubed'
Started GET "/4" for ::1 at 2021-08-10 11:04:56 -0700
Processing by MainController#cubed as HTML
  Parameters: {"number"=>"4"}
  Rendering layout layouts/application.html.erb
  Rendering main/cubed.html.erb within layouts/application
  Rendered main/cubed.html.erb within layouts/application (Duration: 0.1ms | Allocations: 40)
[Webpacker] Everything's up-to-date. Nothing to do
  Rendered layout layouts/application.html.erb (Duration: 12.2ms | Allocations: 3499)
Completed 500 Internal Server Error in 19ms (Views: 13.3ms | Allocations: 6676)


  
NoMethodError (undefined method `by' for #<MainController:0x0000000000f640>):
  
app/controllers/main_controller.rb:4:in `cubed'
Started GET "/4" for ::1 at 2021-08-10 11:04:57 -0700
Processing by MainController#cubed as HTML
  Parameters: {"number"=>"4"}
  Rendering layout layouts/application.html.erb
  Rendering main/cubed.html.erb within layouts/application
  Rendered main/cubed.html.erb within layouts/application (Duration: 0.1ms | Allocations: 38)
[Webpacker] Everything's up-to-date. Nothing to do
  Rendered layout layouts/application.html.erb (Duration: 7.6ms | Allocations: 3431)
Completed 500 Internal Server Error in 10ms (Views: 8.1ms | Allocations: 6416)


  
NoMethodError (undefined method `by' for #<MainController:0x0000000000f960>):
  
app/controllers/main_controller.rb:4:in `cubed'
Started GET "/4" for ::1 at 2021-08-10 11:04:57 -0700
Processing by MainController#cubed as HTML
  Parameters: {"number"=>"4"}
  Rendering layout layouts/application.html.erb
  Rendering main/cubed.html.erb within layouts/application
  Rendered main/cubed.html.erb within layouts/application (Duration: 0.2ms | Allocations: 38)
[Webpacker] Everything's up-to-date. Nothing to do
  Rendered layout layouts/application.html.erb (Duration: 9.2ms | Allocations: 3431)
Completed 500 Internal Server Error in 14ms (Views: 10.3ms | Allocations: 6416)


  
NoMethodError (undefined method `by' for #<MainController:0x0000000000fc80>):
  
app/controllers/main_controller.rb:4:in `cubed'
Started GET "/4" for ::1 at 2021-08-10 11:06:26 -0700
Processing by MainController#cubed as HTML
  Parameters: {"number"=>"4"}
DEPRECATION WARNING: Rendering actions with '.' in the name is deprecated: main/cubed.html.erb (called from cubed at /Users/learnacademy/Desktop/database-challenges/rails_params_c_b_r/app/controllers/main_controller.rb:3)
  Rendering layout layouts/application.html.erb
  Rendering main/cubed.html.erb within layouts/application
  Rendered main/cubed.html.erb within layouts/application (Duration: 2.6ms | Allocations: 1460)
  Rendered layout layouts/application.html.erb (Duration: 2.9ms | Allocations: 1529)
Completed 500 Internal Server Error in 7ms (Allocations: 2866)


  
ActionView::Template::Error (undefined method `**' for nil:NilClass):
    1: <h1>test<%=@cubed**3%></h1>
  
app/views/main/cubed.html.erb:1
app/controllers/main_controller.rb:3:in `cubed'
Started GET "/4" for ::1 at 2021-08-10 11:08:16 -0700
Processing by MainController#cubed as HTML
  Parameters: {"number"=>"4"}
DEPRECATION WARNING: Rendering actions with '.' in the name is deprecated: main/cubed.html.erb (called from cubed at /Users/learnacademy/Desktop/database-challenges/rails_params_c_b_r/app/controllers/main_controller.rb:3)
  Rendering layout layouts/application.html.erb
  Rendering main/cubed.html.erb within layouts/application
  Rendered main/cubed.html.erb within layouts/application (Duration: 0.4ms | Allocations: 124)
[Webpacker] Everything's up-to-date. Nothing to do
  Rendered layout layouts/application.html.erb (Duration: 7.5ms | Allocations: 3733)
Completed 500 Internal Server Error in 13ms (Views: 11.7ms | Allocations: 5941)


  
NoMethodError (undefined method `**' for :number:Symbol):
  
app/controllers/main_controller.rb:5:in `cubed'
Started GET "/4" for ::1 at 2021-08-10 11:08:17 -0700
Processing by MainController#cubed as HTML
  Parameters: {"number"=>"4"}
  Rendering layout layouts/application.html.erb
  Rendering main/cubed.html.erb within layouts/application
  Rendered main/cubed.html.erb within layouts/application (Duration: 0.2ms | Allocations: 38)
[Webpacker] Everything's up-to-date. Nothing to do
  Rendered layout layouts/application.html.erb (Duration: 15.9ms | Allocations: 3423)
Completed 500 Internal Server Error in 21ms (Views: 18.1ms | Allocations: 4674)


  
NoMethodError (undefined method `**' for :number:Symbol):
  
app/controllers/main_controller.rb:5:in `cubed'
  [1m[35m (1294.9ms)[0m  [1m[35mCREATE DATABASE "rails_params_c_b_r_development" ENCODING = 'unicode'[0m
  [1m[35m (586.7ms)[0m  [1m[35mCREATE DATABASE "rails_params_c_b_r_test" ENCODING = 'unicode'[0m
Started GET "/" for ::1 at 2021-08-10 11:19:11 -0700
Processing by Rails::WelcomeController#index as HTML
  Rendering /Users/learnacademy/.rvm/gems/ruby-3.0.0/gems/railties-6.1.4/lib/rails/templates/rails/welcome/index.html.erb
  Rendered /Users/learnacademy/.rvm/gems/ruby-3.0.0/gems/railties-6.1.4/lib/rails/templates/rails/welcome/index.html.erb (Duration: 246.8ms | Allocations: 522)
Completed 200 OK in 338ms (Views: 278.2ms | ActiveRecord: 0.0ms | Allocations: 4230)


Started GET "/" for ::1 at 2021-08-10 11:19:19 -0700
Processing by Rails::WelcomeController#index as HTML
  Rendering /Users/learnacademy/.rvm/gems/ruby-3.0.0/gems/railties-6.1.4/lib/rails/templates/rails/welcome/index.html.erb
  Rendered /Users/learnacademy/.rvm/gems/ruby-3.0.0/gems/railties-6.1.4/lib/rails/templates/rails/welcome/index.html.erb (Duration: 14.0ms | Allocations: 219)
Completed 200 OK in 26ms (Views: 20.9ms | ActiveRecord: 0.0ms | Allocations: 953)


Started GET "/" for ::1 at 2021-08-10 11:19:19 -0700
Processing by Rails::WelcomeController#index as HTML
  Rendering /Users/learnacademy/.rvm/gems/ruby-3.0.0/gems/railties-6.1.4/lib/rails/templates/rails/welcome/index.html.erb
  Rendered /Users/learnacademy/.rvm/gems/ruby-3.0.0/gems/railties-6.1.4/lib/rails/templates/rails/welcome/index.html.erb (Duration: 0.6ms | Allocations: 46)
Completed 200 OK in 2ms (Views: 1.3ms | ActiveRecord: 0.0ms | Allocations: 412)


Started GET "/4" for ::1 at 2021-08-10 11:19:23 -0700
Processing by MainController#cubed as HTML
  Parameters: {"number"=>"4"}
DEPRECATION WARNING: Rendering actions with '.' in the name is deprecated: main/cubed.html.erb (called from cubed at /Users/learnacademy/Desktop/Learn Stuff/database-challenges/rails_params_c_b_r/app/controllers/main_controller.rb:3)
  Rendering layout layouts/application.html.erb
  Rendering main/cubed.html.erb within layouts/application
  Rendered main/cubed.html.erb within layouts/application (Duration: 2.0ms | Allocations: 125)
[Webpacker] Everything's up-to-date. Nothing to do
  Rendered layout layouts/application.html.erb (Duration: 248.1ms | Allocations: 14370)
Completed 500 Internal Server Error in 259ms (Views: 255.7ms | ActiveRecord: 0.0ms | Allocations: 16645)


  
NoMethodError (undefined method `**' for :number:Symbol):
  
app/controllers/main_controller.rb:5:in `cubed'
Started GET "/4" for ::1 at 2021-08-10 11:22:20 -0700
Processing by MainController#cubed as HTML
  Parameters: {"number"=>"4"}
DEPRECATION WARNING: Rendering actions with '.' in the name is deprecated: main/cubed.html.erb (called from cubed at /Users/learnacademy/Desktop/Learn Stuff/database-challenges/rails_params_c_b_r/app/controllers/main_controller.rb:3)
  Rendering layout layouts/application.html.erb
  Rendering main/cubed.html.erb within layouts/application
  Rendered main/cubed.html.erb within layouts/application (Duration: 2.3ms | Allocations: 124)
[Webpacker] Everything's up-to-date. Nothing to do
  Rendered layout layouts/application.html.erb (Duration: 37.4ms | Allocations: 3933)
Completed 200 OK in 54ms (Views: 51.7ms | ActiveRecord: 0.0ms | Allocations: 5261)


Started GET "/5" for ::1 at 2021-08-10 11:22:26 -0700
Processing by MainController#cubed as HTML
  Parameters: {"number"=>"5"}
  Rendering layout layouts/application.html.erb
  Rendering main/cubed.html.erb within layouts/application
  Rendered main/cubed.html.erb within layouts/application (Duration: 0.2ms | Allocations: 39)
[Webpacker] Everything's up-to-date. Nothing to do
  Rendered layout layouts/application.html.erb (Duration: 24.3ms | Allocations: 3611)
Completed 200 OK in 30ms (Views: 27.9ms | ActiveRecord: 0.0ms | Allocations: 4067)


Started GET "/5" for ::1 at 2021-08-10 11:23:31 -0700
Processing by MainController#cubed as HTML
  Parameters: {"number"=>"5"}
DEPRECATION WARNING: Rendering actions with '.' in the name is deprecated: main/cubed.html.erb (called from cubed at /Users/learnacademy/Desktop/Learn Stuff/database-challenges/rails_params_c_b_r/app/controllers/main_controller.rb:3)
  Rendering layout layouts/application.html.erb
  Rendering main/cubed.html.erb within layouts/application
  Rendered main/cubed.html.erb within layouts/application (Duration: 3.0ms | Allocations: 1463)
  Rendered layout layouts/application.html.erb (Duration: 3.4ms | Allocations: 1532)
Completed 500 Internal Server Error in 10ms (ActiveRecord: 0.0ms | Allocations: 2862)


  
ActionView::Template::Error (undefined method `**' for nil:NilClass):
    1: <h1>test </h1>
    2: <p> <%= @cubed ** 3 %> </p>
  
app/views/main/cubed.html.erb:2
app/controllers/main_controller.rb:3:in `cubed'
Started GET "/5" for ::1 at 2021-08-10 11:23:32 -0700
Processing by MainController#cubed as HTML
  Parameters: {"number"=>"5"}
  Rendering layout layouts/application.html.erb
  Rendering main/cubed.html.erb within layouts/application
  Rendered main/cubed.html.erb within layouts/application (Duration: 1.8ms | Allocations: 1387)
  Rendered layout layouts/application.html.erb (Duration: 2.4ms | Allocations: 1456)
Completed 500 Internal Server Error in 5ms (ActiveRecord: 0.0ms | Allocations: 1841)


  
ActionView::Template::Error (undefined method `**' for nil:NilClass):
    1: <h1>test </h1>
    2: <p> <%= @cubed ** 3 %> </p>
  
app/views/main/cubed.html.erb:2
app/controllers/main_controller.rb:3:in `cubed'
Started GET "/5" for ::1 at 2021-08-10 11:23:59 -0700
Processing by MainController#cubed as HTML
  Parameters: {"number"=>"5"}
DEPRECATION WARNING: Rendering actions with '.' in the name is deprecated: main/cubed.html.erb (called from cubed at /Users/learnacademy/Desktop/Learn Stuff/database-challenges/rails_params_c_b_r/app/controllers/main_controller.rb:3)
  Rendering layout layouts/application.html.erb
  Rendering main/cubed.html.erb within layouts/application
  Rendered main/cubed.html.erb within layouts/application (Duration: 1.5ms | Allocations: 126)
[Webpacker] Everything's up-to-date. Nothing to do
  Rendered layout layouts/application.html.erb (Duration: 21.4ms | Allocations: 3941)
Completed 200 OK in 30ms (Views: 29.0ms | ActiveRecord: 0.0ms | Allocations: 5318)


Started GET "/3" for ::1 at 2021-08-10 11:24:09 -0700
Processing by MainController#cubed as HTML
  Parameters: {"number"=>"3"}
  Rendering layout layouts/application.html.erb
  Rendering main/cubed.html.erb within layouts/application
  Rendered main/cubed.html.erb within layouts/application (Duration: 1.5ms | Allocations: 42)
[Webpacker] Everything's up-to-date. Nothing to do
  Rendered layout layouts/application.html.erb (Duration: 18.5ms | Allocations: 3615)
Completed 200 OK in 21ms (Views: 19.8ms | ActiveRecord: 0.0ms | Allocations: 4041)


Started GET "/3" for ::1 at 2021-08-10 11:24:45 -0700
Processing by MainController#cubed as HTML
  Parameters: {"number"=>"3"}
DEPRECATION WARNING: Rendering actions with '.' in the name is deprecated: main/cubed.html.erb (called from cubed at /Users/learnacademy/Desktop/Learn Stuff/database-challenges/rails_params_c_b_r/app/controllers/main_controller.rb:3)
  Rendering layout layouts/application.html.erb
  Rendering main/cubed.html.erb within layouts/application
  Rendered main/cubed.html.erb within layouts/application (Duration: 1.0ms | Allocations: 123)
[Webpacker] Everything's up-to-date. Nothing to do
  Rendered layout layouts/application.html.erb (Duration: 24.2ms | Allocations: 3933)
Completed 200 OK in 40ms (Views: 39.2ms | ActiveRecord: 0.0ms | Allocations: 5273)


Started GET "/3" for ::1 at 2021-08-10 11:24:46 -0700
Processing by MainController#cubed as HTML
  Parameters: {"number"=>"3"}
  Rendering layout layouts/application.html.erb
  Rendering main/cubed.html.erb within layouts/application
  Rendered main/cubed.html.erb within layouts/application (Duration: 0.2ms | Allocations: 39)
[Webpacker] Everything's up-to-date. Nothing to do
  Rendered layout layouts/application.html.erb (Duration: 58.1ms | Allocations: 3613)
Completed 200 OK in 61ms (Views: 59.7ms | ActiveRecord: 0.0ms | Allocations: 4040)


Started GET "/3" for ::1 at 2021-08-10 11:24:57 -0700
Processing by MainController#cubed as HTML
  Parameters: {"number"=>"3"}
  Rendering layout layouts/application.html.erb
  Rendering main/cubed.html.erb within layouts/application
  Rendered main/cubed.html.erb within layouts/application (Duration: 0.1ms | Allocations: 41)
[Webpacker] Everything's up-to-date. Nothing to do
  Rendered layout layouts/application.html.erb (Duration: 11.9ms | Allocations: 3664)
Completed 500 Internal Server Error in 16ms (Views: 13.4ms | ActiveRecord: 0.0ms | Allocations: 5147)


  
NoMethodError (undefined method `to_i' for :number:Symbol
Did you mean?  to_s):
  
app/controllers/main_controller.rb:4:in `cubed'
Started GET "/3" for ::1 at 2021-08-10 11:25:05 -0700
Processing by MainController#cubed as HTML
  Parameters: {"number"=>"3"}
  Rendering layout layouts/application.html.erb
  Rendering main/cubed.html.erb within layouts/application
  Rendered main/cubed.html.erb within layouts/application (Duration: 0.3ms | Allocations: 41)
[Webpacker] Everything's up-to-date. Nothing to do
  Rendered layout layouts/application.html.erb (Duration: 12.2ms | Allocations: 3685)
Completed 200 OK in 15ms (Views: 13.8ms | ActiveRecord: 0.0ms | Allocations: 4296)


Started GET "/3" for ::1 at 2021-08-10 11:25:15 -0700
Processing by MainController#cubed as HTML
  Parameters: {"number"=>"3"}
DEPRECATION WARNING: Rendering actions with '.' in the name is deprecated: main/cubed.html.erb (called from cubed at /Users/learnacademy/Desktop/Learn Stuff/database-challenges/rails_params_c_b_r/app/controllers/main_controller.rb:3)
  Rendering layout layouts/application.html.erb
  Rendering main/cubed.html.erb within layouts/application
  Rendered main/cubed.html.erb within layouts/application (Duration: 1.0ms | Allocations: 129)
[Webpacker] Everything's up-to-date. Nothing to do
  Rendered layout layouts/application.html.erb (Duration: 13.7ms | Allocations: 3945)
Completed 200 OK in 22ms (Views: 20.4ms | ActiveRecord: 0.0ms | Allocations: 5325)


Started GET "/3" for ::1 at 2021-08-10 11:27:02 -0700
Processing by MainController#cubed as HTML
  Parameters: {"number"=>"3"}
DEPRECATION WARNING: Rendering actions with '.' in the name is deprecated: main/cubed.html.erb (called from cubed at /Users/learnacademy/Desktop/Learn Stuff/database-challenges/rails_params_c_b_r/app/controllers/main_controller.rb:3)
  Rendering layout layouts/application.html.erb
  Rendering main/cubed.html.erb within layouts/application
  Rendered main/cubed.html.erb within layouts/application (Duration: 1.3ms | Allocations: 123)
[Webpacker] Everything's up-to-date. Nothing to do
  Rendered layout layouts/application.html.erb (Duration: 21.4ms | Allocations: 3912)
Completed 200 OK in 32ms (Views: 30.7ms | ActiveRecord: 0.0ms | Allocations: 5281)


Started GET "/3" for ::1 at 2021-08-10 11:27:16 -0700
Processing by MainController#cubed as HTML
  Parameters: {"number"=>"3"}
  Rendering layout layouts/application.html.erb
  Rendering main/cubed.html.erb within layouts/application
  Rendered main/cubed.html.erb within layouts/application (Duration: 0.2ms | Allocations: 41)
[Webpacker] Everything's up-to-date. Nothing to do
  Rendered layout layouts/application.html.erb (Duration: 19.4ms | Allocations: 3682)
Completed 200 OK in 23ms (Views: 21.5ms | ActiveRecord: 0.0ms | Allocations: 4300)


Started GET "/3" for ::1 at 2021-08-10 11:27:24 -0700
Processing by MainController#cubed as HTML
  Parameters: {"string"=>"3"}
  Rendering layout layouts/application.html.erb
  Rendering main/cubed.html.erb within layouts/application
  Rendered main/cubed.html.erb within layouts/application (Duration: 0.2ms | Allocations: 41)
[Webpacker] Everything's up-to-date. Nothing to do
  Rendered layout layouts/application.html.erb (Duration: 18.0ms | Allocations: 3680)
Completed 200 OK in 23ms (Views: 20.9ms | ActiveRecord: 0.0ms | Allocations: 4291)


Started GET "/3" for ::1 at 2021-08-10 11:27:25 -0700
Processing by MainController#cubed as HTML
  Parameters: {"string"=>"3"}
  Rendering layout layouts/application.html.erb
  Rendering main/cubed.html.erb within layouts/application
  Rendered main/cubed.html.erb within layouts/application (Duration: 0.3ms | Allocations: 39)
[Webpacker] Everything's up-to-date. Nothing to do
  Rendered layout layouts/application.html.erb (Duration: 20.2ms | Allocations: 3617)
Completed 200 OK in 23ms (Views: 21.9ms | ActiveRecord: 0.0ms | Allocations: 4043)


Started GET "/3" for ::1 at 2021-08-10 11:27:25 -0700
Processing by MainController#cubed as HTML
  Parameters: {"string"=>"3"}
  Rendering layout layouts/application.html.erb
  Rendering main/cubed.html.erb within layouts/application
  Rendered main/cubed.html.erb within layouts/application (Duration: 0.3ms | Allocations: 39)
[Webpacker] Everything's up-to-date. Nothing to do
  Rendered layout layouts/application.html.erb (Duration: 18.8ms | Allocations: 3612)
Completed 200 OK in 22ms (Views: 20.4ms | ActiveRecord: 0.0ms | Allocations: 4038)


Started GET "/3" for ::1 at 2021-08-10 11:27:59 -0700
Processing by MainController#cubed as HTML
  Parameters: {"number"=>"3"}
  Rendering layout layouts/application.html.erb
  Rendering main/cubed.html.erb within layouts/application
  Rendered main/cubed.html.erb within layouts/application (Duration: 0.3ms | Allocations: 42)
[Webpacker] Everything's up-to-date. Nothing to do
  Rendered layout layouts/application.html.erb (Duration: 24.4ms | Allocations: 3665)
Completed 200 OK in 35ms (Views: 31.2ms | ActiveRecord: 0.0ms | Allocations: 4280)


Started GET "/5" for ::1 at 2021-08-10 11:28:08 -0700
Processing by MainController#cubed as HTML
  Parameters: {"number"=>"5"}
  Rendering layout layouts/application.html.erb
  Rendering main/cubed.html.erb within layouts/application
  Rendered main/cubed.html.erb within layouts/application (Duration: 0.2ms | Allocations: 40)
[Webpacker] Everything's up-to-date. Nothing to do
  Rendered layout layouts/application.html.erb (Duration: 13.7ms | Allocations: 3613)
Completed 200 OK in 16ms (Views: 15.1ms | ActiveRecord: 0.0ms | Allocations: 4041)


Started GET "/5" for ::1 at 2021-08-10 11:28:18 -0700
Processing by MainController#cubed as HTML
  Parameters: {"number"=>"5"}
  Rendering layout layouts/application.html.erb
  Rendering main/cubed.html.erb within layouts/application
  Rendered main/cubed.html.erb within layouts/application (Duration: 0.2ms | Allocations: 43)
[Webpacker] Everything's up-to-date. Nothing to do
  Rendered layout layouts/application.html.erb (Duration: 12.1ms | Allocations: 3682)
Completed 200 OK in 16ms (Views: 14.7ms | ActiveRecord: 0.0ms | Allocations: 4295)


Started GET "/5" for ::1 at 2021-08-10 11:28:19 -0700
Processing by MainController#cubed as HTML
  Parameters: {"number"=>"5"}
  Rendering layout layouts/application.html.erb
  Rendering main/cubed.html.erb within layouts/application
  Rendered main/cubed.html.erb within layouts/application (Duration: 0.3ms | Allocations: 41)
[Webpacker] Everything's up-to-date. Nothing to do
  Rendered layout layouts/application.html.erb (Duration: 16.6ms | Allocations: 3614)
Completed 200 OK in 21ms (Views: 18.4ms | ActiveRecord: 0.0ms | Allocations: 4042)


Started GET "/5" for ::1 at 2021-08-10 11:28:28 -0700
Processing by MainController#cubed as HTML
  Parameters: {"number"=>"5"}
  Rendering layout layouts/application.html.erb
  Rendering main/cubed.html.erb within layouts/application
  Rendered main/cubed.html.erb within layouts/application (Duration: 0.2ms | Allocations: 43)
[Webpacker] Everything's up-to-date. Nothing to do
  Rendered layout layouts/application.html.erb (Duration: 12.7ms | Allocations: 3682)
Completed 200 OK in 17ms (Views: 14.4ms | ActiveRecord: 0.0ms | Allocations: 4296)


Started GET "/5" for ::1 at 2021-08-10 11:32:02 -0700
Processing by MainController#cubed as HTML
  Parameters: {"number"=>"5"}
DEPRECATION WARNING: Rendering actions with '.' in the name is deprecated: main/cubed.html.erb (called from cubed at /Users/learnacademy/Desktop/Learn Stuff/database-challenges/rails_params_c_b_r/app/controllers/main_controller.rb:4)
  Rendering layout layouts/application.html.erb
  Rendering main/cubed.html.erb within layouts/application
  Rendered main/cubed.html.erb within layouts/application (Duration: 2.2ms | Allocations: 130)
[Webpacker] Everything's up-to-date. Nothing to do
  Rendered layout layouts/application.html.erb (Duration: 40.9ms | Allocations: 3924)
Completed 200 OK in 59ms (Views: 55.7ms | ActiveRecord: 0.0ms | Allocations: 5304)


Started GET "/2" for ::1 at 2021-08-10 11:32:09 -0700
Processing by MainController#cubed as HTML
  Parameters: {"number"=>"2"}
  Rendering layout layouts/application.html.erb
  Rendering main/cubed.html.erb within layouts/application
  Rendered main/cubed.html.erb within layouts/application (Duration: 0.2ms | Allocations: 41)
[Webpacker] Everything's up-to-date. Nothing to do
  Rendered layout layouts/application.html.erb (Duration: 12.6ms | Allocations: 3614)
Completed 200 OK in 16ms (Views: 14.9ms | ActiveRecord: 0.0ms | Allocations: 4042)


Started GET "/2" for ::1 at 2021-08-10 11:39:07 -0700
Processing by MainController#cubed as HTML
  Parameters: {"number"=>"2"}
  Rendering layout layouts/application.html.erb
  Rendering main/cubed.html.erb within layouts/application
  Rendered main/cubed.html.erb within layouts/application (Duration: 0.6ms | Allocations: 43)
[Webpacker] Everything's up-to-date. Nothing to do
  Rendered layout layouts/application.html.erb (Duration: 56.8ms | Allocations: 3666)
Completed 200 OK in 63ms (Views: 62.1ms | Allocations: 4277)


Started GET "/evenly/4/2" for ::1 at 2021-08-10 11:43:14 -0700
Processing by MainController#evenly as HTML
  Parameters: {"number1"=>"4", "number2"=>"2"}
  Rendering layout layouts/application.html.erb
  Rendering main/evenly.html.erb within layouts/application
  Rendered main/evenly.html.erb within layouts/application (Duration: 1.7ms | Allocations: 127)
[Webpacker] Everything's up-to-date. Nothing to do
  Rendered layout layouts/application.html.erb (Duration: 28.0ms | Allocations: 3935)
Completed 200 OK in 39ms (Views: 36.3ms | Allocations: 5177)


Started GET "/evenly/5/2" for ::1 at 2021-08-10 11:43:31 -0700
Processing by MainController#evenly as HTML
  Parameters: {"number1"=>"5", "number2"=>"2"}
  Rendering layout layouts/application.html.erb
  Rendering main/evenly.html.erb within layouts/application
  Rendered main/evenly.html.erb within layouts/application (Duration: 0.2ms | Allocations: 41)
[Webpacker] Everything's up-to-date. Nothing to do
  Rendered layout layouts/application.html.erb (Duration: 34.3ms | Allocations: 3638)
Completed 200 OK in 39ms (Views: 37.6ms | Allocations: 4090)


Started GET "/evenly/4/2" for ::1 at 2021-08-10 11:43:39 -0700
Processing by MainController#evenly as HTML
  Parameters: {"number1"=>"4", "number2"=>"2"}
  Rendering layout layouts/application.html.erb
  Rendering main/evenly.html.erb within layouts/application
  Rendered main/evenly.html.erb within layouts/application (Duration: 0.3ms | Allocations: 41)
[Webpacker] Everything's up-to-date. Nothing to do
  Rendered layout layouts/application.html.erb (Duration: 16.3ms | Allocations: 3638)
Completed 200 OK in 18ms (Views: 17.2ms | Allocations: 4089)


Started GET "/evenly/4/2" for ::1 at 2021-08-10 11:45:15 -0700
Processing by MainController#evenly as HTML
  Parameters: {"number1"=>"4", "number2"=>"2"}
Completed 500 Internal Server Error in 16ms (Allocations: 2993)


  
NameError (undefined local variable or method `number1' for #<MainController:0x000000000153b0>):
  
app/controllers/main_controller.rb:8:in `evenly'
Started GET "/evenly/4/2" for ::1 at 2021-08-10 11:45:59 -0700
Processing by MainController#evenly as HTML
  Parameters: {"number1"=>"4", "number2"=>"2"}
  Rendering layout layouts/application.html.erb
  Rendering main/evenly.html.erb within layouts/application
  Rendered main/evenly.html.erb within layouts/application (Duration: 0.2ms | Allocations: 43)
[Webpacker] Everything's up-to-date. Nothing to do
  Rendered layout layouts/application.html.erb (Duration: 23.9ms | Allocations: 3688)
Completed 200 OK in 28ms (Views: 27.0ms | Allocations: 4323)


Started GET "/evenly/5/2" for ::1 at 2021-08-10 11:46:09 -0700
Processing by MainController#evenly as HTML
  Parameters: {"number1"=>"5", "number2"=>"2"}
  Rendering layout layouts/application.html.erb
  Rendering main/evenly.html.erb within layouts/application
  Rendered main/evenly.html.erb within layouts/application (Duration: 0.3ms | Allocations: 41)
[Webpacker] Everything's up-to-date. Nothing to do
  Rendered layout layouts/application.html.erb (Duration: 26.3ms | Allocations: 3633)
Completed 200 OK in 30ms (Views: 27.9ms | Allocations: 4084)


Started GET "/evenly/5/2" for ::1 at 2021-08-10 11:46:31 -0700
Processing by MainController#evenly as HTML
  Parameters: {"number1"=>"5", "number2"=>"2"}
  Rendering layout layouts/application.html.erb
  Rendering main/evenly.html.erb within layouts/application
  Rendered main/evenly.html.erb within layouts/application (Duration: 0.2ms | Allocations: 43)
[Webpacker] Everything's up-to-date. Nothing to do
  Rendered layout layouts/application.html.erb (Duration: 26.4ms | Allocations: 3680)
Completed 200 OK in 32ms (Views: 29.3ms | Allocations: 4314)


Started GET "/length/learn" for ::1 at 2021-08-10 11:50:17 -0700
Processing by MainController#length as HTML
  Parameters: {"string"=>"learn"}
  Rendering layout layouts/application.html.erb
  Rendering main/length.html.erb within layouts/application
  Rendered main/length.html.erb within layouts/application (Duration: 1.4ms | Allocations: 131)
[Webpacker] Everything's up-to-date. Nothing to do
  Rendered layout layouts/application.html.erb (Duration: 23.1ms | Allocations: 3944)
Completed 200 OK in 32ms (Views: 28.0ms | Allocations: 5187)


